org.coughlin.android.fmm.v2.application1/orgcoughlinandroidfmmv2application/build/intermediates/manifest_merge_blame_file/debug/manifest-merger-blame-debug-report.txt
1<?xml version="1.0" encoding="utf-8"?>
2<manifest xmlns:android="http://schemas.android.com/apk/res/android"
3    package="org.coughlin.grocerylist"
4    android:versionCode="1"
5    android:versionName="1.0" >
6
7    <uses-sdk
8        android:minSdkVersion="26"
8-->src/main/AndroidManifest.xml
9        android:targetSdkVersion="33" />
9-->src/main/AndroidManifest.xml
10
11    <permission
11-->[androidx.core:core:1.9.0] AndroidManifest.xml:22:5-24:47
12        android:name="org.coughlin.grocerylist.DYNAMIC_RECEIVER_NOT_EXPORTED_PERMISSION"
12-->[androidx.core:core:1.9.0] AndroidManifest.xml:23:9-81
13        android:protectionLevel="signature" />
13-->[androidx.core:core:1.9.0] AndroidManifest.xml:24:9-44
14
15    <uses-permission android:name="org.coughlin.grocerylist.DYNAMIC_RECEIVER_NOT_EXPORTED_PERMISSION" />
15-->[androidx.core:core:1.9.0] AndroidManifest.xml:26:5-97
15-->[androidx.core:core:1.9.0] AndroidManifest.xml:26:22-94
16
17    <application
17-->src/main/AndroidManifest.xml:8:5-83:19
18        android:allowBackup="true"
18-->src/main/AndroidManifest.xml:9:9-35
19        android:appComponentFactory="androidx.core.app.CoreComponentFactory"
19-->[androidx.core:core:1.9.0] AndroidManifest.xml:28:18-86
20        android:debuggable="true"
21        android:extractNativeLibs="false"
22        android:icon="@drawable/ic_launcher"
22-->src/main/AndroidManifest.xml:10:9-45
23        android:label="@string/app_name"
23-->src/main/AndroidManifest.xml:11:9-41
24        android:testOnly="true"
25        android:theme="@style/AppTheme" >
25-->src/main/AndroidManifest.xml:12:9-40
26        <activity
26-->src/main/AndroidManifest.xml:13:9-33:20
27            android:name="org.coughlin.grocerylist.GrocerylistActivity"
27-->src/main/AndroidManifest.xml:14:13-48
28            android:exported="true"
28-->src/main/AndroidManifest.xml:16:13-36
29            android:launchMode="singleTop" >
29-->src/main/AndroidManifest.xml:15:13-43
30            <intent-filter>
30-->src/main/AndroidManifest.xml:17:13-21:29
31                <action android:name="android.intent.action.MAIN" />
31-->src/main/AndroidManifest.xml:18:17-69
31-->src/main/AndroidManifest.xml:18:25-66
32
33                <category android:name="android.intent.category.LAUNCHER" />
33-->src/main/AndroidManifest.xml:20:17-77
33-->src/main/AndroidManifest.xml:20:27-74
34            </intent-filter>
35
36            <meta-data
36-->src/main/AndroidManifest.xml:23:13-25:54
37                android:name="android.app.searchable"
37-->src/main/AndroidManifest.xml:24:17-54
38                android:resource="@xml/searchable" />
38-->src/main/AndroidManifest.xml:25:17-51
39
40            <intent-filter>
40-->src/main/AndroidManifest.xml:27:13-29:29
41                <action android:name="android.intent.action.SEARCH" />
41-->src/main/AndroidManifest.xml:28:17-71
41-->src/main/AndroidManifest.xml:28:25-68
42            </intent-filter>
43            <intent-filter>
43-->src/main/AndroidManifest.xml:30:13-32:29
44                <action android:name="android.intent.action.VIEW" />
44-->src/main/AndroidManifest.xml:31:17-69
44-->src/main/AndroidManifest.xml:31:25-66
45            </intent-filter>
46        </activity>
47
48        <provider
48-->src/main/AndroidManifest.xml:35:9-39:20
49            android:name="org.coughlin.grocerylist.GroceryContentProvider"
49-->src/main/AndroidManifest.xml:36:13-51
50            android:authorities="org.coughlin.provider.grocery"
50-->src/main/AndroidManifest.xml:37:13-64
51            android:exported="false" >
51-->src/main/AndroidManifest.xml:38:13-37
52        </provider>
53        <provider
53-->src/main/AndroidManifest.xml:41:9-45:20
54            android:name="org.coughlin.grocerylist.MenuContentProvider"
54-->src/main/AndroidManifest.xml:42:13-48
55            android:authorities="org.coughlin.provider.menu"
55-->src/main/AndroidManifest.xml:43:13-61
56            android:exported="false" >
56-->src/main/AndroidManifest.xml:44:13-37
57        </provider>
58
59        <activity
59-->src/main/AndroidManifest.xml:47:9-51:20
60            android:name="org.coughlin.grocerylist.SearchActivity"
60-->src/main/AndroidManifest.xml:48:13-43
61            android:label="@string/title_activity_search"
61-->src/main/AndroidManifest.xml:49:13-58
62            android:launchMode="singleTop" >
62-->src/main/AndroidManifest.xml:50:13-43
63        </activity>
64        <activity
64-->src/main/AndroidManifest.xml:52:9-55:20
65            android:name="org.coughlin.grocerylist.ProductActivity"
65-->src/main/AndroidManifest.xml:53:13-44
66            android:label="@string/title_activity_product" >
66-->src/main/AndroidManifest.xml:54:13-59
67        </activity>
68        <activity
68-->src/main/AndroidManifest.xml:56:9-59:20
69            android:name="org.coughlin.grocerylist.HistoryActivity"
69-->src/main/AndroidManifest.xml:57:13-44
70            android:label="@string/title_activity_history" >
70-->src/main/AndroidManifest.xml:58:13-59
71        </activity>
72
73        <provider
73-->src/main/AndroidManifest.xml:61:9-65:20
74            android:name="org.coughlin.grocerylist.HistoryContentProvider"
74-->src/main/AndroidManifest.xml:62:13-51
75            android:authorities="org.coughlin.provider.history"
75-->src/main/AndroidManifest.xml:63:13-64
76            android:exported="false" >
76-->src/main/AndroidManifest.xml:64:13-37
77        </provider>
78
79        <activity
79-->src/main/AndroidManifest.xml:67:9-78:20
80            android:name="org.coughlin.grocerylist.MenuActivity"
80-->src/main/AndroidManifest.xml:68:13-41
81            android:exported="true"
81-->src/main/AndroidManifest.xml:70:13-36
82            android:label="@string/title_activity_menu" >
82-->src/main/AndroidManifest.xml:69:13-56
83            <meta-data
83-->src/main/AndroidManifest.xml:23:13-25:54
84                android:name="android.app.searchable"
84-->src/main/AndroidManifest.xml:24:17-54
85                android:resource="@xml/menu_searchable" />
85-->src/main/AndroidManifest.xml:25:17-51
86
87            <intent-filter>
87-->src/main/AndroidManifest.xml:27:13-29:29
88                <action android:name="android.intent.action.SEARCH" />
88-->src/main/AndroidManifest.xml:28:17-71
88-->src/main/AndroidManifest.xml:28:25-68
89            </intent-filter>
90            <intent-filter>
90-->src/main/AndroidManifest.xml:30:13-32:29
91                <action android:name="android.intent.action.VIEW" />
91-->src/main/AndroidManifest.xml:31:17-69
91-->src/main/AndroidManifest.xml:31:25-66
92            </intent-filter>
93        </activity>
94        <activity
94-->src/main/AndroidManifest.xml:79:9-82:20
95            android:name="org.coughlin.grocerylist.MenuItemActivity"
95-->src/main/AndroidManifest.xml:80:13-45
96            android:label="@string/title_activity_menu_item" >
96-->src/main/AndroidManifest.xml:81:13-61
97        </activity>
98
99        <provider
99-->[androidx.emoji2:emoji2:1.2.0] AndroidManifest.xml:24:9-32:20
100            android:name="androidx.startup.InitializationProvider"
100-->[androidx.emoji2:emoji2:1.2.0] AndroidManifest.xml:25:13-67
101            android:authorities="org.coughlin.grocerylist.androidx-startup"
101-->[androidx.emoji2:emoji2:1.2.0] AndroidManifest.xml:26:13-68
102            android:exported="false" >
102-->[androidx.emoji2:emoji2:1.2.0] AndroidManifest.xml:27:13-37
103            <meta-data
103-->[androidx.emoji2:emoji2:1.2.0] AndroidManifest.xml:29:13-31:52
104                android:name="androidx.emoji2.text.EmojiCompatInitializer"
104-->[androidx.emoji2:emoji2:1.2.0] AndroidManifest.xml:30:17-75
105                android:value="androidx.startup" />
105-->[androidx.emoji2:emoji2:1.2.0] AndroidManifest.xml:31:17-49
106            <meta-data
106-->[androidx.lifecycle:lifecycle-process:2.4.1] AndroidManifest.xml:31:13-33:52
107                android:name="androidx.lifecycle.ProcessLifecycleInitializer"
107-->[androidx.lifecycle:lifecycle-process:2.4.1] AndroidManifest.xml:32:17-78
108                android:value="androidx.startup" />
108-->[androidx.lifecycle:lifecycle-process:2.4.1] AndroidManifest.xml:33:17-49
109        </provider>
110    </application>
111
112</manifest>